<?xml version="1.0" encoding="UTF-8"?>
<!-- Generated by org.testng.reporters.JUnitXMLReporter -->
<testsuite hostname="ltuser-Lenovo-G50-70" ignored="0" name="Surefire test" tests="31" failures="0" timestamp="03 May 2018 16:14:17 GMT" time="1213.228" errors="0">
  <testcase name="testMethod" time="38.529" classname="com.codebind.maven_demo.ChromeTest"/>
  <testcase name="testMethod" time="38.484" classname="com.codebind.maven_demo.ChromeTest"/>
  <testcase name="testMethod" time="38.37" classname="com.codebind.maven_demo.ChromeTest"/>
  <testcase name="testMethod" time="38.56" classname="com.codebind.maven_demo.ChromeTest"/>
  <testcase name="testMethod" time="38.412" classname="com.codebind.maven_demo.ChromeTest"/>
  <testcase name="testMethod" time="38.359" classname="com.codebind.maven_demo.ChromeTest"/>
  <testcase name="testMethod" time="38.305" classname="com.codebind.maven_demo.ChromeTest"/>
  <testcase name="testMethod" time="38.383" classname="com.codebind.maven_demo.ChromeTest"/>
  <testcase name="testMethod" time="38.33" classname="com.codebind.maven_demo.ChromeTest"/>
  <testcase name="testMethod" time="38.242" classname="com.codebind.maven_demo.ChromeTest"/>
  <testcase name="testMethod" time="38.264" classname="com.codebind.maven_demo.ChromeTest"/>
  <testcase name="testMethod" time="38.231" classname="com.codebind.maven_demo.ChromeTest"/>
  <testcase name="testMethod" time="38.475" classname="com.codebind.maven_demo.ChromeTest"/>
  <testcase name="testMethod" time="38.529" classname="com.codebind.maven_demo.ChromeTest"/>
  <testcase name="testMethod" time="38.351" classname="com.codebind.maven_demo.ChromeTest"/>
  <testcase name="testMethod" time="38.679" classname="com.codebind.maven_demo.ChromeTest"/>
  <testcase name="testMethod" time="38.301" classname="com.codebind.maven_demo.ChromeTest"/>
  <testcase name="testMethod" time="38.447" classname="com.codebind.maven_demo.ChromeTest"/>
  <testcase name="testMethod" time="38.217" classname="com.codebind.maven_demo.ChromeTest"/>
  <testcase name="testMethod" time="38.32" classname="com.codebind.maven_demo.ChromeTest"/>
  <testcase name="testMethod" time="38.322" classname="com.codebind.maven_demo.ChromeTest"/>
  <testcase name="testMethod" time="38.398" classname="com.codebind.maven_demo.ChromeTest"/>
  <testcase name="testMethod" time="38.326" classname="com.codebind.maven_demo.ChromeTest"/>
  <testcase name="testMethod" time="38.191" classname="com.codebind.maven_demo.ChromeTest"/>
  <testcase name="testMethod" time="38.241" classname="com.codebind.maven_demo.ChromeTest"/>
  <testcase name="testMethod" time="38.362" classname="com.codebind.maven_demo.ChromeTest"/>
  <testcase name="testMethod" time="38.238" classname="com.codebind.maven_demo.ChromeTest"/>
  <testcase name="testMethod" time="38.435" classname="com.codebind.maven_demo.ChromeTest"/>
  <testcase name="testMethod" time="38.396" classname="com.codebind.maven_demo.ChromeTest"/>
  <testcase name="testMethod" time="38.406" classname="com.codebind.maven_demo.ChromeTest"/>
  <testcase name="testMethod" time="38.304" classname="com.codebind.maven_demo.ChromeTest"/>
</testsuite> <!-- Surefire test -->
