<?xml version="1.0" encoding="UTF-8"?>
<testsuite xmlns:xsi="http://www.w3.org/2001/XMLSchema-instance" xsi:schemaLocation="https://maven.apache.org/surefire/maven-surefire-plugin/xsd/surefire-test-report.xsd" name="com.codebind.maven_demo.ChromeTest" time="1,214.365" tests="31" errors="0" skipped="0" failures="0">
  <properties>
[...]
</properties>
  <testcase name="testMethod" classname="com.codebind.maven_demo.ChromeTest" time="38.531"/>
  <testcase name="testMethod" classname="com.codebind.maven_demo.ChromeTest" time="38.482"/>
  <testcase name="testMethod" classname="com.codebind.maven_demo.ChromeTest" time="38.372"/>
  <testcase name="testMethod" classname="com.codebind.maven_demo.ChromeTest" time="38.561"/>
  <testcase name="testMethod" classname="com.codebind.maven_demo.ChromeTest" time="38.413"/>
  <testcase name="testMethod" classname="com.codebind.maven_demo.ChromeTest" time="38.361"/>
  <testcase name="testMethod" classname="com.codebind.maven_demo.ChromeTest" time="38.307"/>
  <testcase name="testMethod" classname="com.codebind.maven_demo.ChromeTest" time="38.384"/>
  <testcase name="testMethod" classname="com.codebind.maven_demo.ChromeTest" time="38.33"/>
  <testcase name="testMethod" classname="com.codebind.maven_demo.ChromeTest" time="38.242"/>
  <testcase name="testMethod" classname="com.codebind.maven_demo.ChromeTest" time="38.266"/>
  <testcase name="testMethod" classname="com.codebind.maven_demo.ChromeTest" time="38.231"/>
  <testcase name="testMethod" classname="com.codebind.maven_demo.ChromeTest" time="38.476"/>
  <testcase name="testMethod" classname="com.codebind.maven_demo.ChromeTest" time="38.529"/>
  <testcase name="testMethod" classname="com.codebind.maven_demo.ChromeTest" time="38.354"/>
  <testcase name="testMethod" classname="com.codebind.maven_demo.ChromeTest" time="38.68"/>
  <testcase name="testMethod" classname="com.codebind.maven_demo.ChromeTest" time="38.301"/>
  <testcase name="testMethod" classname="com.codebind.maven_demo.ChromeTest" time="38.447"/>
  <testcase name="testMethod" classname="com.codebind.maven_demo.ChromeTest" time="38.226"/>
  <testcase name="testMethod" classname="com.codebind.maven_demo.ChromeTest" time="38.312"/>
  <testcase name="testMethod" classname="com.codebind.maven_demo.ChromeTest" time="38.324"/>
  <testcase name="testMethod" classname="com.codebind.maven_demo.ChromeTest" time="38.397"/>
  <testcase name="testMethod" classname="com.codebind.maven_demo.ChromeTest" time="38.327"/>
  <testcase name="testMethod" classname="com.codebind.maven_demo.ChromeTest" time="38.193"/>
  <testcase name="testMethod" classname="com.codebind.maven_demo.ChromeTest" time="38.24"/>
  <testcase name="testMethod" classname="com.codebind.maven_demo.ChromeTest" time="38.361"/>
  <testcase name="testMethod" classname="com.codebind.maven_demo.ChromeTest" time="38.239"/>
  <testcase name="testMethod" classname="com.codebind.maven_demo.ChromeTest" time="38.436"/>
  <testcase name="testMethod" classname="com.codebind.maven_demo.ChromeTest" time="38.397"/>
  <testcase name="testMethod" classname="com.codebind.maven_demo.ChromeTest" time="38.41"/>
  <testcase name="testMethod" classname="com.codebind.maven_demo.ChromeTest" time="38.304"/>
</testsuite>